READ WRITE
Database Status is Open.

Running Pre Refresh script...
set echo on;
set feedback on;
spool /home/oracle/scripts/refresh/logs/users.log
CREATE PROFILE WIDE_OPEN LIMIT
	SESSIONS_PER_USER UNLIMITED
	CPU_PER_SESSION UNLIMITED
	CPU_PER_CALL UNLIMITED
	CONNECT_TIME UNLIMITED
	IDLE_TIME UNLIMITED
	LOGICAL_READS_PER_SESSION UNLIMITED
	LOGICAL_READS_PER_CALL UNLIMITED
	COMPOSITE_LIMIT UNLIMITED
	PRIVATE_SGA UNLIMITED
	FAILED_LOGIN_ATTEMPTS 3
	PASSWORD_LIFE_TIME 365
	PASSWORD_REUSE_TIME UNLIMITED
	PASSWORD_REUSE_MAX UNLIMITED
	PASSWORD_LOCK_TIME UNLIMITED
	PASSWORD_GRACE_TIME 7
	PASSWORD_VERIFY_FUNCTION NULL;

alter user DBADMIN PROFILE WIDE_OPEN;

   ALTER USER "DBADMIN" IDENTIFIED BY VALUES 'S:BD3839A1DF22924A2D316DEBC9CCB955C76EBA290EC58297B7CC1BBD8F22;T:93810A60E10F82015EA5C8E249C2BC28B2181D50C91EC432B482A5AA9772D66B80D59A73A9BB6E3E8DEC7203C7833D862525AC2EB8D123A9900387B0482A2591BA480E5C6C111ECF68F64594E0B3F808'
      DEFAULT TABLESPACE "USERS"
      TEMPORARY TABLESPACE "TEMP";

DROP PROFILE WIDE_OPEN CASCADE;
spool off
SQL script completed
CLI script completed, Refresh Completed Successfully.  Beginning Post Steps.

Running Post Refresh script...

Profile created.


User altered.


User altered.


User altered.


User altered.


User altered.


User altered.


User altered.


User altered.

SP2-0042: unknown command "ERROR:" - rest of line ignored.
SP2-0734: unknown command beginning "ORA-16000:..." - rest of line ignored.
SP2-0734: unknown command beginning "ORA-06512:..." - rest of line ignored.
SP2-0734: unknown command beginning "ORA-06512:..." - rest of line ignored.
SP2-0044: For a list of known commands enter HELP
and to leave enter EXIT.
SP2-0734: unknown command beginning "ORA-06512:..." - rest of line ignored.
SP2-0734: unknown command beginning "ORA-06512:..." - rest of line ignored.
SP2-0734: unknown command beginning "ORA-06512:..." - rest of line ignored.
SP2-0734: unknown command beginning "ORA-06512:..." - rest of line ignored.
SP2-0044: For a list of known commands enter HELP
and to leave enter EXIT.
SP2-0734: unknown command beginning "ORA-06512:..." - rest of line ignored.
SP2-0734: unknown command beginning "ORA-06512:..." - rest of line ignored.
SP2-0734: unknown command beginning "ORA-06512:..." - rest of line ignored.
SP2-0734: unknown command beginning "ORA-06512:..." - rest of line ignored.
SP2-0044: For a list of known commands enter HELP
and to leave enter EXIT.
SP2-0734: unknown command beginning "ORA-06512:..." - rest of line ignored.
SP2-0042: unknown command "ERROR:" - rest of line ignored.
SP2-0734: unknown command beginning "ORA-16000:..." - rest of line ignored.
SP2-0734: unknown command beginning "ORA-06512:..." - rest of line ignored.
SP2-0044: For a list of known commands enter HELP
and to leave enter EXIT.
SP2-0734: unknown command beginning "ORA-06512:..." - rest of line ignored.
SP2-0734: unknown command beginning "ORA-06512:..." - rest of line ignored.
SP2-0734: unknown command beginning "ORA-06512:..." - rest of line ignored.
SP2-0734: unknown command beginning "ORA-06512:..." - rest of line ignored.
SP2-0044: For a list of known commands enter HELP
and to leave enter EXIT.
SP2-0734: unknown command beginning "ORA-06512:..." - rest of line ignored.
SP2-0734: unknown command beginning "ORA-06512:..." - rest of line ignored.
SP2-0734: unknown command beginning "ORA-06512:..." - rest of line ignored.
SP2-0734: unknown command beginning "ORA-06512:..." - rest of line ignored.
SP2-0044: For a list of known commands enter HELP
and to leave enter EXIT.
SP2-0734: unknown command beginning "ORA-06512:..." - rest of line ignored.
SP2-0734: unknown command beginning "ORA-06512:..." - rest of line ignored.

User altered.


User altered.


User altered.


User altered.


User altered.


User altered.


User altered.


Profile dropped.

not spooling currently
Refresh Completed Successfully
0
Pushing OEM Agent to Resync...
patrick-replica.cetxxdbd6our.us-gov-west-1.rds.amazonaws.com
Error: Already logged in as user "SYSMAN". Use "emcli logout" to logout the current user.
Resync job RESYNC_20220725153413452 successfully submitted
All Done!
